<?xml version="1.0" encoding="UTF-8"?>
<testsuite xmlns:xsi="http://www.w3.org/2001/XMLSchema-instance" xsi:noNamespaceSchemaLocation="https://maven.apache.org/surefire/maven-surefire-plugin/xsd/surefire-test-report-3.0.xsd" version="3.0" name="com.ossama.DieTest" time="0.25" tests="10" errors="0" skipped="0" failures="0">
  <properties>
[...]
</properties>
  <testcase name="rollResultsInBetween1and6" classname="com.ossama.DieTest" time="0.155"/>
  <testcase name="rollResultsInBetween1and6" classname="com.ossama.DieTest" time="0.002"/>
  <testcase name="rollResultsInBetween1and6" classname="com.ossama.DieTest" time="0.003"/>
  <testcase name="rollResultsInBetween1and6" classname="com.ossama.DieTest" time="0.002"/>
  <testcase name="rollResultsInBetween1and6" classname="com.ossama.DieTest" time="0"/>
  <testcase name="rollResultsInBetween1and6" classname="com.ossama.DieTest" time="0"/>
  <testcase name="rollResultsInBetween1and6" classname="com.ossama.DieTest" time="0"/>
  <testcase name="rollResultsInBetween1and6" classname="com.ossama.DieTest" time="0"/>
  <testcase name="rollResultsInBetween1and6" classname="com.ossama.DieTest" time="0"/>
  <testcase name="rollResultsInBetween1and6" classname="com.ossama.DieTest" time="0"/>
</testsuite>